{"contracts/HaloHalo.sol":{"l":{"18":6,"35":3,"37":3,"39":3,"40":2,"43":1,"44":1,"48":3,"55":1,"57":1,"59":1,"60":1,"64":4,"65":4,"66":3,"68":3,"70":3,"73":3,"81":1,"82":1,"86":1,"89":1,"92":1,"95":1,"97":1,"99":1},"path":"/home/lucascullen/GitHub/HaloDAO/halo-rewards/contracts/HaloHalo.sol","s":{"1":6,"2":3,"3":3,"4":3,"5":2,"6":1,"7":1,"8":3,"9":1,"10":1,"11":1,"12":1,"13":4,"14":4,"15":3,"16":3,"17":3,"18":3,"19":1,"20":1,"21":1,"22":1,"23":1,"24":1,"25":1,"26":1},"b":{"1":[2,1],"2":[3,1]},"f":{"1":6,"2":3,"3":1,"4":4,"5":1},"fnMap":{"1":{"name":"constructor","line":17,"loc":{"start":{"line":17,"column":2},"end":{"line":19,"column":2}}},"2":{"name":"enter","line":33,"loc":{"start":{"line":33,"column":2},"end":{"line":49,"column":2}}},"3":{"name":"leave","line":53,"loc":{"start":{"line":53,"column":2},"end":{"line":61,"column":2}}},"4":{"name":"updateHaloHaloPrice","line":63,"loc":{"start":{"line":63,"column":2},"end":{"line":77,"column":2}}},"5":{"name":"estimateHaloHaloAPY","line":79,"loc":{"start":{"line":79,"column":2},"end":{"line":100,"column":2}}}},"statementMap":{"1":{"start":{"line":18,"column":4},"end":{"line":18,"column":15}},"2":{"start":{"line":35,"column":4},"end":{"line":35,"column":53}},"3":{"start":{"line":37,"column":4},"end":{"line":37,"column":39}},"4":{"start":{"line":39,"column":4},"end":{"line":39,"column":1247}},"5":{"start":{"line":40,"column":6},"end":{"line":40,"column":31}},"6":{"start":{"line":43,"column":6},"end":{"line":43,"column":70}},"7":{"start":{"line":44,"column":6},"end":{"line":44,"column":38}},"8":{"start":{"line":48,"column":4},"end":{"line":48,"column":56}},"9":{"start":{"line":55,"column":4},"end":{"line":55,"column":39}},"10":{"start":{"line":57,"column":4},"end":{"line":57,"column":2068}},"11":{"start":{"line":59,"column":4},"end":{"line":59,"column":28}},"12":{"start":{"line":60,"column":4},"end":{"line":60,"column":44}},"13":{"start":{"line":64,"column":4},"end":{"line":64,"column":39}},"14":{"start":{"line":65,"column":4},"end":{"line":65,"column":49}},"15":{"start":{"line":66,"column":4},"end":{"line":66,"column":74}},"16":{"start":{"line":68,"column":4},"end":{"line":68,"column":56}},"17":{"start":{"line":70,"column":4},"end":{"line":70,"column":70}},"18":{"start":{"line":73,"column":4},"end":{"line":73,"column":2637}},"19":{"start":{"line":81,"column":4},"end":{"line":81,"column":68}},"20":{"start":{"line":82,"column":4},"end":{"line":82,"column":2988}},"21":{"start":{"line":86,"column":4},"end":{"line":86,"column":24}},"22":{"start":{"line":89,"column":4},"end":{"line":89,"column":3183}},"23":{"start":{"line":92,"column":4},"end":{"line":92,"column":76}},"24":{"start":{"line":95,"column":4},"end":{"line":95,"column":3470}},"25":{"start":{"line":97,"column":4},"end":{"line":97,"column":69}},"26":{"start":{"line":99,"column":4},"end":{"line":99,"column":36}}},"branchMap":{"1":{"line":39,"type":"if","locations":[{"start":{"line":39,"column":4},"end":{"line":39,"column":4}},{"start":{"line":39,"column":4},"end":{"line":39,"column":4}}]},"2":{"line":65,"type":"if","locations":[{"start":{"line":65,"column":4},"end":{"line":65,"column":4}},{"start":{"line":65,"column":4},"end":{"line":65,"column":4}}]}}},"contracts/interfaces/IMinter.sol":{"l":{},"path":"/home/lucascullen/GitHub/HaloDAO/halo-rewards/contracts/interfaces/IMinter.sol","s":{},"b":{},"f":{},"fnMap":{},"statementMap":{},"branchMap":{}},"contracts/interfaces/IRewards.sol":{"l":{},"path":"/home/lucascullen/GitHub/HaloDAO/halo-rewards/contracts/interfaces/IRewards.sol","s":{},"b":{},"f":{},"fnMap":{},"statementMap":{},"branchMap":{}},"contracts/mock/CollateralERC20.sol":{"l":{"15":2,"19":0},"path":"/home/lucascullen/GitHub/HaloDAO/halo-rewards/contracts/mock/CollateralERC20.sol","s":{"1":2,"2":0},"b":{},"f":{"1":6,"2":2,"3":0},"fnMap":{"1":{"name":"constructor","line":11,"loc":{"start":{"line":9,"column":4},"end":{"line":12,"column":5}}},"2":{"name":"mint","line":14,"loc":{"start":{"line":14,"column":4},"end":{"line":16,"column":4}}},"3":{"name":"burn","line":18,"loc":{"start":{"line":18,"column":4},"end":{"line":20,"column":4}}}},"statementMap":{"1":{"start":{"line":15,"column":8},"end":{"line":15,"column":29}},"2":{"start":{"line":19,"column":8},"end":{"line":19,"column":29}}},"branchMap":{}},"contracts/mock/HaloToken.sol":{"l":{"15":8,"19":0},"path":"/home/lucascullen/GitHub/HaloDAO/halo-rewards/contracts/mock/HaloToken.sol","s":{"1":8,"2":0},"b":{},"f":{"1":6,"2":8,"3":0},"fnMap":{"1":{"name":"constructor","line":11,"loc":{"start":{"line":9,"column":4},"end":{"line":12,"column":5}}},"2":{"name":"mint","line":14,"loc":{"start":{"line":14,"column":4},"end":{"line":16,"column":4}}},"3":{"name":"burn","line":18,"loc":{"start":{"line":18,"column":4},"end":{"line":20,"column":4}}}},"statementMap":{"1":{"start":{"line":15,"column":8},"end":{"line":15,"column":29}},"2":{"start":{"line":19,"column":8},"end":{"line":19,"column":29}}},"branchMap":{}},"contracts/mock/LpToken.sol":{"l":{"15":3,"19":0},"path":"/home/lucascullen/GitHub/HaloDAO/halo-rewards/contracts/mock/LpToken.sol","s":{"1":3,"2":0},"b":{},"f":{"1":9,"2":3,"3":0},"fnMap":{"1":{"name":"constructor","line":11,"loc":{"start":{"line":9,"column":4},"end":{"line":12,"column":5}}},"2":{"name":"mint","line":14,"loc":{"start":{"line":14,"column":4},"end":{"line":16,"column":4}}},"3":{"name":"burn","line":18,"loc":{"start":{"line":18,"column":4},"end":{"line":20,"column":4}}}},"statementMap":{"1":{"start":{"line":15,"column":8},"end":{"line":15,"column":29}},"2":{"start":{"line":19,"column":8},"end":{"line":19,"column":29}}},"branchMap":{}},"contracts/mock/Minter.sol":{"l":{"30":1,"32":1,"36":1,"39":1,"42":1,"47":1,"52":1,"60":1,"62":1,"66":1,"71":1,"74":1,"77":1,"82":1,"90":4,"97":0,"102":2,"106":2},"path":"/home/lucascullen/GitHub/HaloDAO/halo-rewards/contracts/mock/Minter.sol","s":{"1":1,"2":1,"3":1,"4":1,"5":1,"6":1,"7":1,"8":1,"9":1,"10":1,"11":1,"12":1,"13":1,"14":1,"15":4,"16":0,"17":2,"18":2},"b":{},"f":{"1":1,"2":1,"3":4,"4":0,"5":2,"6":2},"fnMap":{"1":{"name":"depositByCollateralAddress","line":25,"loc":{"start":{"line":25,"column":4},"end":{"line":53,"column":4}}},"2":{"name":"redeemByCollateralAddress","line":55,"loc":{"start":{"line":55,"column":4},"end":{"line":83,"column":4}}},"3":{"name":"getTotalCollateralByCollateralAddress","line":85,"loc":{"start":{"line":85,"column":4},"end":{"line":91,"column":4}}},"4":{"name":"getUserCollateralByCollateralAddress","line":93,"loc":{"start":{"line":93,"column":4},"end":{"line":99,"column":4}}},"5":{"name":"setRewardsContract","line":101,"loc":{"start":{"line":101,"column":4},"end":{"line":103,"column":4}}},"6":{"name":"setPhmContract","line":105,"loc":{"start":{"line":105,"column":4},"end":{"line":107,"column":4}}}},"statementMap":{"1":{"start":{"line":30,"column":8},"end":{"line":30,"column":1098}},"2":{"start":{"line":32,"column":8},"end":{"line":32,"column":1190}},"3":{"start":{"line":36,"column":8},"end":{"line":36,"column":1336}},"4":{"start":{"line":39,"column":8},"end":{"line":39,"column":1468}},"5":{"start":{"line":42,"column":8},"end":{"line":42,"column":1582}},"6":{"start":{"line":47,"column":8},"end":{"line":47,"column":1723}},"7":{"start":{"line":52,"column":8},"end":{"line":52,"column":58}},"8":{"start":{"line":60,"column":8},"end":{"line":60,"column":2146}},"9":{"start":{"line":62,"column":8},"end":{"line":62,"column":2238}},"10":{"start":{"line":66,"column":8},"end":{"line":66,"column":2365}},"11":{"start":{"line":71,"column":8},"end":{"line":71,"column":2514}},"12":{"start":{"line":74,"column":8},"end":{"line":74,"column":2646}},"13":{"start":{"line":77,"column":8},"end":{"line":77,"column":2760}},"14":{"start":{"line":82,"column":8},"end":{"line":82,"column":73}},"15":{"start":{"line":90,"column":8},"end":{"line":90,"column":56}},"16":{"start":{"line":97,"column":8},"end":{"line":97,"column":3407}},"17":{"start":{"line":102,"column":8},"end":{"line":102,"column":41}},"18":{"start":{"line":106,"column":8},"end":{"line":106,"column":31}}},"branchMap":{}},"contracts/mock/UBE.sol":{"l":{"15":2,"19":0},"path":"/home/lucascullen/GitHub/HaloDAO/halo-rewards/contracts/mock/UBE.sol","s":{"1":2,"2":0},"b":{},"f":{"1":6,"2":2,"3":0},"fnMap":{"1":{"name":"constructor","line":11,"loc":{"start":{"line":9,"column":4},"end":{"line":12,"column":5}}},"2":{"name":"mint","line":14,"loc":{"start":{"line":14,"column":4},"end":{"line":16,"column":4}}},"3":{"name":"burn","line":18,"loc":{"start":{"line":18,"column":4},"end":{"line":20,"column":4}}}},"statementMap":{"1":{"start":{"line":15,"column":8},"end":{"line":15,"column":29}},"2":{"start":{"line":19,"column":8},"end":{"line":19,"column":29}}},"branchMap":{}},"contracts/Rewards.sol":{"l":{"156":9,"160":8,"164":8,"165":8,"166":8,"170":0,"174":5,"175":5,"176":5,"180":22,"184":5,"212":6,"213":6,"214":6,"215":6,"216":6,"217":6,"218":6,"219":6,"220":6,"221":6,"222":6,"227":6,"228":6,"248":4,"249":4,"250":0,"252":4,"253":4,"254":2,"255":2,"258":2,"259":2,"266":2,"270":2,"272":2,"295":4,"296":4,"297":0,"300":4,"305":4,"306":3,"307":3,"310":1,"311":1,"318":1,"323":1,"325":1,"343":1,"348":1,"349":1,"351":1,"353":1,"354":0,"357":1,"363":1,"369":1,"379":1,"380":1,"382":1,"384":1,"385":1,"387":1,"393":1,"395":1,"408":1,"413":1,"414":1,"416":1,"418":1,"419":0,"422":1,"428":1,"447":1,"448":1,"450":1,"452":1,"453":1,"455":1,"461":1,"472":0,"473":0,"475":0,"476":0,"477":0,"488":0,"489":0,"491":0,"492":0,"493":0,"504":4,"511":4,"523":2,"524":2,"525":2,"540":0,"541":0,"553":2,"554":2,"555":2,"565":2,"566":2,"574":6,"586":6,"598":2,"610":2,"622":0,"633":3,"648":1,"652":1,"655":1,"666":1,"670":1,"673":1,"684":8,"688":8,"689":8,"692":8,"693":8,"694":8,"695":8,"698":8,"709":6,"713":6,"714":6,"717":6,"718":6,"719":6,"720":6,"727":3,"731":2,"734":2,"737":2,"747":2,"751":1,"752":1,"755":1,"761":3,"762":3,"764":3,"769":3,"770":3,"772":3,"773":3,"774":3,"781":0,"788":2,"789":2,"796":0,"797":0,"806":2,"810":2,"827":1,"828":1,"830":1,"831":1,"844":1,"845":1,"847":1,"848":1,"861":1,"862":1,"864":1,"865":1,"878":1,"879":1,"881":1,"882":1,"895":2,"899":2,"907":5,"908":5,"909":5,"910":5,"918":4,"919":4,"923":8,"924":8,"925":59968,"927":8,"931":9,"932":9,"933":9,"934":67455,"935":67455,"937":9,"941":8,"942":8,"943":1,"944":0,"945":0,"949":8,"950":8,"955":2,"956":2,"957":2,"958":1,"962":2,"963":2},"path":"/home/lucascullen/GitHub/HaloDAO/halo-rewards/contracts/Rewards.sol","s":{"1":9,"2":8,"3":8,"4":8,"5":8,"6":0,"7":5,"8":5,"9":5,"10":22,"11":5,"12":6,"13":6,"14":6,"15":6,"16":6,"17":6,"18":6,"19":6,"20":6,"21":6,"22":6,"23":6,"24":6,"25":4,"26":4,"27":0,"28":4,"29":4,"30":2,"31":2,"32":2,"33":2,"34":2,"35":2,"36":2,"37":4,"38":4,"39":0,"40":4,"41":4,"42":3,"43":3,"44":1,"45":1,"46":1,"47":1,"48":1,"49":1,"50":1,"51":1,"52":1,"53":1,"54":0,"55":1,"56":1,"57":1,"58":1,"59":1,"60":1,"61":1,"62":1,"63":1,"64":1,"65":1,"66":1,"67":1,"68":1,"69":1,"70":1,"71":0,"72":1,"73":1,"74":1,"75":1,"76":1,"77":1,"78":1,"79":1,"80":1,"81":0,"82":0,"83":0,"84":0,"85":0,"86":0,"87":0,"88":0,"89":0,"90":0,"91":4,"92":4,"93":2,"94":2,"95":2,"96":0,"97":0,"98":2,"99":2,"100":2,"101":2,"102":2,"103":6,"104":6,"105":2,"106":2,"107":0,"108":3,"109":1,"110":1,"111":1,"112":1,"113":1,"114":1,"115":8,"116":8,"117":8,"118":8,"119":8,"120":8,"121":8,"122":8,"123":6,"124":6,"125":6,"126":6,"127":6,"128":6,"129":6,"130":3,"131":2,"132":2,"133":2,"134":2,"135":1,"136":1,"137":1,"138":3,"139":3,"140":3,"141":3,"142":3,"143":3,"144":3,"145":3,"146":0,"147":2,"148":2,"149":0,"150":0,"151":2,"152":1,"153":1,"154":1,"155":1,"156":1,"157":1,"158":1,"159":1,"160":1,"161":1,"162":1,"163":1,"164":1,"165":1,"166":1,"167":1,"168":2,"169":2,"170":5,"171":5,"172":5,"173":5,"174":4,"175":4,"176":8,"177":8,"178":59968,"179":8,"180":9,"181":9,"182":9,"183":67455,"184":67455,"185":9,"186":8,"187":8,"188":1,"189":0,"190":8,"191":8,"192":2,"193":2,"194":2,"195":1,"196":2},"b":{"1":[8,0],"2":[5,0],"3":[0,4],"4":[2,2],"5":[0,4],"6":[3,1],"7":[1,0],"8":[0,1],"9":[1,0],"10":[1,0],"11":[0,1],"12":[1,0],"13":[1,0],"14":[1,0],"15":[8,0],"16":[6,0],"17":[2,1],"18":[1,1],"19":[3,0],"20":[3,0],"21":[2,0],"22":[0,0],"23":[2,0],"24":[5,0],"25":[0,1],"26":[8,0],"27":[2,0],"28":[1,1]},"f":{"1":9,"2":8,"3":8,"4":0,"5":5,"6":22,"7":5,"8":6,"9":4,"10":4,"11":1,"12":1,"13":1,"14":1,"15":0,"16":0,"17":4,"18":4,"19":2,"20":0,"21":2,"22":2,"23":6,"24":6,"25":2,"26":2,"27":0,"28":3,"29":1,"30":1,"31":8,"32":6,"33":3,"34":2,"35":3,"36":0,"37":2,"38":0,"39":2,"40":1,"41":1,"42":1,"43":1,"44":2,"45":5,"46":4,"47":8,"48":9,"49":8,"50":2},"fnMap":{"1":{"name":"monthlyHalo","line":155,"loc":{"start":{"line":155,"column":4},"end":{"line":157,"column":4}}},"2":{"name":"thisMonthsReward","line":159,"loc":{"start":{"line":159,"column":4},"end":{"line":161,"column":4}}},"3":{"name":"accHalo","line":163,"loc":{"start":{"line":163,"column":4},"end":{"line":167,"column":4}}},"4":{"name":"unclaimed","line":169,"loc":{"start":{"line":169,"column":4},"end":{"line":171,"column":4}}},"5":{"name":"unclaimed","line":173,"loc":{"start":{"line":173,"column":4},"end":{"line":177,"column":4}}},"6":{"name":"nMonths","line":179,"loc":{"start":{"line":179,"column":4},"end":{"line":181,"column":4}}},"7":{"name":"diffTime","line":183,"loc":{"start":{"line":183,"column":4},"end":{"line":186,"column":4}}},"8":{"name":"constructor","line":200,"loc":{"start":{"line":200,"column":4},"end":{"line":230,"column":4}}},"9":{"name":"updateAmmRewardPool","line":247,"loc":{"start":{"line":247,"column":4},"end":{"line":277,"column":4}}},"10":{"name":"updateMinterRewardPool","line":294,"loc":{"start":{"line":294,"column":4},"end":{"line":330,"column":4}}},"11":{"name":"depositPoolTokens","line":342,"loc":{"start":{"line":342,"column":4},"end":{"line":370,"column":4}}},"12":{"name":"withdrawPoolTokens","line":376,"loc":{"start":{"line":376,"column":4},"end":{"line":396,"column":4}}},"13":{"name":"depositMinter","line":407,"loc":{"start":{"line":403,"column":4},"end":{"line":433,"column":4}}},"14":{"name":"withdrawMinter","line":444,"loc":{"start":{"line":440,"column":4},"end":{"line":466,"column":4}}},"15":{"name":"withdrawUnclaimedPoolRewards","line":471,"loc":{"start":{"line":471,"column":4},"end":{"line":478,"column":4}}},"16":{"name":"withdrawUnclaimedMinterLpRewards","line":487,"loc":{"start":{"line":484,"column":4},"end":{"line":494,"column":4}}},"17":{"name":"getTotalPoolAllocationPoints","line":503,"loc":{"start":{"line":503,"column":4},"end":{"line":505,"column":4}}},"18":{"name":"getTotalMinterLpAllocationPoints","line":510,"loc":{"start":{"line":510,"column":4},"end":{"line":512,"column":4}}},"19":{"name":"getUnclaimedPoolRewardsByUserByPool","line":519,"loc":{"start":{"line":519,"column":4},"end":{"line":529,"column":4}}},"20":{"name":"getDepositedPoolTokenBalanceByUser","line":536,"loc":{"start":{"line":536,"column":4},"end":{"line":542,"column":4}}},"21":{"name":"getUnclaimedMinterLpRewardsByUser","line":549,"loc":{"start":{"line":549,"column":4},"end":{"line":559,"column":4}}},"22":{"name":"getUnclaimedVestingRewards","line":564,"loc":{"start":{"line":564,"column":4},"end":{"line":567,"column":4}}},"23":{"name":"isValidAmmLp","line":573,"loc":{"start":{"line":573,"column":4},"end":{"line":575,"column":4}}},"24":{"name":"isValidMinterLp","line":581,"loc":{"start":{"line":581,"column":4},"end":{"line":587,"column":4}}},"25":{"name":"getAmmLpPoolInfo","line":593,"loc":{"start":{"line":593,"column":4},"end":{"line":599,"column":4}}},"26":{"name":"getMinterLpPoolInfo","line":605,"loc":{"start":{"line":605,"column":4},"end":{"line":611,"column":4}}},"27":{"name":"getTotalRewardsClaimedByUser","line":617,"loc":{"start":{"line":617,"column":4},"end":{"line":623,"column":4}}},"28":{"name":"getWhitelistedAMMPoolAddresses","line":628,"loc":{"start":{"line":628,"column":4},"end":{"line":634,"column":4}}},"29":{"name":"setAmmLpAllocationPoints","line":646,"loc":{"start":{"line":644,"column":4},"end":{"line":656,"column":4}}},"30":{"name":"setMinterLpAllocationPoints","line":665,"loc":{"start":{"line":662,"column":4},"end":{"line":674,"column":4}}},"31":{"name":"addAmmLp","line":682,"loc":{"start":{"line":680,"column":4},"end":{"line":699,"column":4}}},"32":{"name":"addMinterCollateralType","line":708,"loc":{"start":{"line":705,"column":4},"end":{"line":721,"column":4}}},"33":{"name":"removeAmmLp","line":726,"loc":{"start":{"line":726,"column":4},"end":{"line":738,"column":4}}},"34":{"name":"removeMinterCollateralType","line":745,"loc":{"start":{"line":743,"column":4},"end":{"line":756,"column":4}}},"35":{"name":"releaseVestedRewards","line":760,"loc":{"start":{"line":760,"column":4},"end":{"line":775,"column":4}}},"36":{"name":"setMinter","line":780,"loc":{"start":{"line":780,"column":4},"end":{"line":782,"column":4}}},"37":{"name":"setHaloChest","line":787,"loc":{"start":{"line":787,"column":4},"end":{"line":790,"column":4}}},"38":{"name":"setGenesisBlock","line":795,"loc":{"start":{"line":795,"column":4},"end":{"line":798,"column":4}}},"39":{"name":"onlyMinter","line":805,"loc":{"start":{"line":805,"column":4},"end":{"line":811,"column":4}}},"40":{"name":"addAmountUpdateRewardDebtForUserForPoolTokens","line":822,"loc":{"start":{"line":822,"column":4},"end":{"line":832,"column":4}}},"41":{"name":"subtractAmountUpdateRewardDebtForUserForPoolTokens","line":839,"loc":{"start":{"line":839,"column":4},"end":{"line":849,"column":4}}},"42":{"name":"addAmountUpdateRewardDebtAndForMinter","line":856,"loc":{"start":{"line":856,"column":4},"end":{"line":866,"column":4}}},"43":{"name":"subtractAmountUpdateRewardDebtAndForMinter","line":873,"loc":{"start":{"line":873,"column":4},"end":{"line":883,"column":4}}},"44":{"name":"withdrawUnclaimedRewards","line":890,"loc":{"start":{"line":890,"column":4},"end":{"line":900,"column":4}}},"45":{"name":"safeHaloTransfer","line":906,"loc":{"start":{"line":906,"column":4},"end":{"line":911,"column":4}}},"46":{"name":"calcReward","line":917,"loc":{"start":{"line":917,"column":4},"end":{"line":920,"column":4}}},"47":{"name":"exp","line":922,"loc":{"start":{"line":922,"column":4},"end":{"line":928,"column":4}}},"48":{"name":"sumExp","line":930,"loc":{"start":{"line":930,"column":4},"end":{"line":938,"column":4}}},"49":{"name":"addToAmmLpPoolsAddresses","line":940,"loc":{"start":{"line":940,"column":4},"end":{"line":952,"column":4}}},"50":{"name":"removeFromAmmLpPoolsAddresses","line":954,"loc":{"start":{"line":954,"column":4},"end":{"line":966,"column":4}}}},"statementMap":{"1":{"start":{"line":156,"column":8},"end":{"line":156,"column":70}},"2":{"start":{"line":160,"column":8},"end":{"line":160,"column":71}},"3":{"start":{"line":164,"column":8},"end":{"line":164,"column":49}},"4":{"start":{"line":165,"column":8},"end":{"line":165,"column":46}},"5":{"start":{"line":166,"column":8},"end":{"line":166,"column":83}},"6":{"start":{"line":170,"column":8},"end":{"line":170,"column":36}},"7":{"start":{"line":174,"column":8},"end":{"line":174,"column":49}},"8":{"start":{"line":175,"column":8},"end":{"line":175,"column":44}},"9":{"start":{"line":176,"column":8},"end":{"line":176,"column":83}},"10":{"start":{"line":180,"column":8},"end":{"line":180,"column":55}},"11":{"start":{"line":184,"column":8},"end":{"line":184,"column":7590}},"12":{"start":{"line":212,"column":8},"end":{"line":212,"column":43}},"13":{"start":{"line":213,"column":8},"end":{"line":213,"column":41}},"14":{"start":{"line":214,"column":8},"end":{"line":214,"column":33}},"15":{"start":{"line":215,"column":8},"end":{"line":215,"column":51}},"16":{"start":{"line":216,"column":8},"end":{"line":216,"column":45}},"17":{"start":{"line":217,"column":8},"end":{"line":217,"column":49}},"18":{"start":{"line":218,"column":8},"end":{"line":218,"column":31}},"19":{"start":{"line":219,"column":8},"end":{"line":219,"column":35}},"20":{"start":{"line":220,"column":8},"end":{"line":220,"column":45}},"21":{"start":{"line":221,"column":8},"end":{"line":221,"column":9394}},"22":{"start":{"line":222,"column":12},"end":{"line":222,"column":9462}},"23":{"start":{"line":227,"column":8},"end":{"line":227,"column":9608}},"24":{"start":{"line":228,"column":12},"end":{"line":228,"column":74}},"25":{"start":{"line":248,"column":8},"end":{"line":248,"column":54}},"26":{"start":{"line":249,"column":8},"end":{"line":249,"column":10927}},"27":{"start":{"line":250,"column":12},"end":{"line":250,"column":18}},"28":{"start":{"line":252,"column":8},"end":{"line":252,"column":70}},"29":{"start":{"line":253,"column":8},"end":{"line":253,"column":11081}},"30":{"start":{"line":254,"column":12},"end":{"line":254,"column":46}},"31":{"start":{"line":255,"column":12},"end":{"line":255,"column":18}},"32":{"start":{"line":258,"column":8},"end":{"line":258,"column":63}},"33":{"start":{"line":259,"column":8},"end":{"line":259,"column":11272}},"34":{"start":{"line":266,"column":8},"end":{"line":266,"column":11454}},"35":{"start":{"line":270,"column":8},"end":{"line":270,"column":42}},"36":{"start":{"line":272,"column":8},"end":{"line":272,"column":11621}},"37":{"start":{"line":295,"column":8},"end":{"line":295,"column":65}},"38":{"start":{"line":296,"column":8},"end":{"line":296,"column":12897}},"39":{"start":{"line":297,"column":12},"end":{"line":297,"column":18}},"40":{"start":{"line":300,"column":8},"end":{"line":300,"column":12985}},"41":{"start":{"line":305,"column":8},"end":{"line":305,"column":13147}},"42":{"start":{"line":306,"column":12},"end":{"line":306,"column":46}},"43":{"start":{"line":307,"column":12},"end":{"line":307,"column":18}},"44":{"start":{"line":310,"column":8},"end":{"line":310,"column":63}},"45":{"start":{"line":311,"column":8},"end":{"line":311,"column":13352}},"46":{"start":{"line":318,"column":8},"end":{"line":318,"column":13571}},"47":{"start":{"line":323,"column":8},"end":{"line":323,"column":42}},"48":{"start":{"line":325,"column":8},"end":{"line":325,"column":13777}},"49":{"start":{"line":343,"column":8},"end":{"line":343,"column":14543}},"50":{"start":{"line":348,"column":8},"end":{"line":348,"column":54}},"51":{"start":{"line":349,"column":8},"end":{"line":349,"column":69}},"52":{"start":{"line":351,"column":8},"end":{"line":351,"column":38}},"53":{"start":{"line":353,"column":8},"end":{"line":353,"column":14848}},"54":{"start":{"line":354,"column":12},"end":{"line":354,"column":59}},"55":{"start":{"line":357,"column":8},"end":{"line":357,"column":14952}},"56":{"start":{"line":363,"column":8},"end":{"line":363,"column":15085}},"57":{"start":{"line":369,"column":8},"end":{"line":369,"column":69}},"58":{"start":{"line":379,"column":8},"end":{"line":379,"column":54}},"59":{"start":{"line":380,"column":8},"end":{"line":380,"column":69}},"60":{"start":{"line":382,"column":8},"end":{"line":382,"column":67}},"61":{"start":{"line":384,"column":8},"end":{"line":384,"column":38}},"62":{"start":{"line":385,"column":8},"end":{"line":385,"column":55}},"63":{"start":{"line":387,"column":8},"end":{"line":387,"column":16022}},"64":{"start":{"line":393,"column":8},"end":{"line":393,"column":64}},"65":{"start":{"line":395,"column":8},"end":{"line":395,"column":70}},"66":{"start":{"line":408,"column":8},"end":{"line":408,"column":16790}},"67":{"start":{"line":413,"column":8},"end":{"line":413,"column":65}},"68":{"start":{"line":414,"column":8},"end":{"line":414,"column":78}},"69":{"start":{"line":416,"column":8},"end":{"line":416,"column":49}},"70":{"start":{"line":418,"column":8},"end":{"line":418,"column":17136}},"71":{"start":{"line":419,"column":12},"end":{"line":419,"column":57}},"72":{"start":{"line":422,"column":8},"end":{"line":422,"column":17238}},"73":{"start":{"line":428,"column":8},"end":{"line":428,"column":17372}},"74":{"start":{"line":447,"column":8},"end":{"line":447,"column":65}},"75":{"start":{"line":448,"column":8},"end":{"line":448,"column":78}},"76":{"start":{"line":450,"column":8},"end":{"line":450,"column":67}},"77":{"start":{"line":452,"column":8},"end":{"line":452,"column":49}},"78":{"start":{"line":453,"column":8},"end":{"line":453,"column":53}},"79":{"start":{"line":455,"column":8},"end":{"line":455,"column":18438}},"80":{"start":{"line":461,"column":8},"end":{"line":461,"column":18577}},"81":{"start":{"line":472,"column":8},"end":{"line":472,"column":54}},"82":{"start":{"line":473,"column":8},"end":{"line":473,"column":69}},"83":{"start":{"line":475,"column":8},"end":{"line":475,"column":38}},"84":{"start":{"line":476,"column":8},"end":{"line":476,"column":55}},"85":{"start":{"line":477,"column":8},"end":{"line":477,"column":76}},"86":{"start":{"line":488,"column":8},"end":{"line":488,"column":65}},"87":{"start":{"line":489,"column":8},"end":{"line":489,"column":78}},"88":{"start":{"line":491,"column":8},"end":{"line":491,"column":49}},"89":{"start":{"line":492,"column":8},"end":{"line":492,"column":53}},"90":{"start":{"line":493,"column":8},"end":{"line":493,"column":76}},"91":{"start":{"line":504,"column":8},"end":{"line":504,"column":31}},"92":{"start":{"line":511,"column":8},"end":{"line":511,"column":34}},"93":{"start":{"line":523,"column":8},"end":{"line":523,"column":54}},"94":{"start":{"line":524,"column":8},"end":{"line":524,"column":67}},"95":{"start":{"line":525,"column":8},"end":{"line":525,"column":21196}},"96":{"start":{"line":540,"column":8},"end":{"line":540,"column":67}},"97":{"start":{"line":541,"column":8},"end":{"line":541,"column":26}},"98":{"start":{"line":553,"column":8},"end":{"line":553,"column":65}},"99":{"start":{"line":554,"column":8},"end":{"line":554,"column":78}},"100":{"start":{"line":555,"column":8},"end":{"line":555,"column":22428}},"101":{"start":{"line":565,"column":8},"end":{"line":565,"column":50}},"102":{"start":{"line":566,"column":8},"end":{"line":566,"column":25}},"103":{"start":{"line":574,"column":8},"end":{"line":574,"column":49}},"104":{"start":{"line":586,"column":8},"end":{"line":586,"column":60}},"105":{"start":{"line":598,"column":8},"end":{"line":598,"column":37}},"106":{"start":{"line":610,"column":8},"end":{"line":610,"column":48}},"107":{"start":{"line":622,"column":8},"end":{"line":622,"column":36}},"108":{"start":{"line":633,"column":8},"end":{"line":633,"column":34}},"109":{"start":{"line":648,"column":8},"end":{"line":648,"column":25430}},"110":{"start":{"line":652,"column":8},"end":{"line":652,"column":25576}},"111":{"start":{"line":655,"column":8},"end":{"line":655,"column":54}},"112":{"start":{"line":666,"column":8},"end":{"line":666,"column":26069}},"113":{"start":{"line":670,"column":8},"end":{"line":670,"column":26230}},"114":{"start":{"line":673,"column":8},"end":{"line":673,"column":65}},"115":{"start":{"line":684,"column":8},"end":{"line":684,"column":26692}},"116":{"start":{"line":688,"column":8},"end":{"line":688,"column":91}},"117":{"start":{"line":689,"column":8},"end":{"line":689,"column":59}},"118":{"start":{"line":692,"column":8},"end":{"line":692,"column":48}},"119":{"start":{"line":693,"column":8},"end":{"line":693,"column":54}},"120":{"start":{"line":694,"column":8},"end":{"line":694,"column":63}},"121":{"start":{"line":695,"column":8},"end":{"line":695,"column":49}},"122":{"start":{"line":698,"column":8},"end":{"line":698,"column":43}},"123":{"start":{"line":709,"column":8},"end":{"line":709,"column":27641}},"124":{"start":{"line":713,"column":8},"end":{"line":713,"column":91}},"125":{"start":{"line":714,"column":8},"end":{"line":714,"column":65}},"126":{"start":{"line":717,"column":8},"end":{"line":717,"column":59}},"127":{"start":{"line":718,"column":8},"end":{"line":718,"column":65}},"128":{"start":{"line":719,"column":8},"end":{"line":719,"column":74}},"129":{"start":{"line":720,"column":8},"end":{"line":720,"column":60}},"130":{"start":{"line":727,"column":8},"end":{"line":727,"column":28442}},"131":{"start":{"line":731,"column":8},"end":{"line":731,"column":28568}},"132":{"start":{"line":734,"column":8},"end":{"line":734,"column":49}},"133":{"start":{"line":737,"column":8},"end":{"line":737,"column":48}},"134":{"start":{"line":747,"column":8},"end":{"line":747,"column":29087}},"135":{"start":{"line":751,"column":8},"end":{"line":751,"column":49}},"136":{"start":{"line":752,"column":8},"end":{"line":752,"column":29280}},"137":{"start":{"line":755,"column":8},"end":{"line":755,"column":60}},"138":{"start":{"line":761,"column":8},"end":{"line":761,"column":94}},"139":{"start":{"line":762,"column":8},"end":{"line":762,"column":38}},"140":{"start":{"line":764,"column":8},"end":{"line":764,"column":29819}},"141":{"start":{"line":769,"column":8},"end":{"line":769,"column":45}},"142":{"start":{"line":770,"column":8},"end":{"line":770,"column":49}},"143":{"start":{"line":772,"column":8},"end":{"line":772,"column":70}},"144":{"start":{"line":773,"column":8},"end":{"line":773,"column":54}},"145":{"start":{"line":774,"column":8},"end":{"line":774,"column":65}},"146":{"start":{"line":781,"column":8},"end":{"line":781,"column":31}},"147":{"start":{"line":788,"column":8},"end":{"line":788,"column":64}},"148":{"start":{"line":789,"column":8},"end":{"line":789,"column":37}},"149":{"start":{"line":796,"column":8},"end":{"line":796,"column":66}},"150":{"start":{"line":797,"column":8},"end":{"line":797,"column":35}},"151":{"start":{"line":806,"column":8},"end":{"line":806,"column":31406}},"152":{"start":{"line":827,"column":8},"end":{"line":827,"column":56}},"153":{"start":{"line":828,"column":8},"end":{"line":828,"column":69}},"154":{"start":{"line":830,"column":8},"end":{"line":830,"column":45}},"155":{"start":{"line":831,"column":8},"end":{"line":831,"column":76}},"156":{"start":{"line":844,"column":8},"end":{"line":844,"column":56}},"157":{"start":{"line":845,"column":8},"end":{"line":845,"column":69}},"158":{"start":{"line":847,"column":8},"end":{"line":847,"column":45}},"159":{"start":{"line":848,"column":8},"end":{"line":848,"column":76}},"160":{"start":{"line":861,"column":8},"end":{"line":861,"column":65}},"161":{"start":{"line":862,"column":8},"end":{"line":862,"column":78}},"162":{"start":{"line":864,"column":8},"end":{"line":864,"column":45}},"163":{"start":{"line":865,"column":8},"end":{"line":865,"column":76}},"164":{"start":{"line":878,"column":8},"end":{"line":878,"column":65}},"165":{"start":{"line":879,"column":8},"end":{"line":879,"column":78}},"166":{"start":{"line":881,"column":8},"end":{"line":881,"column":45}},"167":{"start":{"line":882,"column":8},"end":{"line":882,"column":76}},"168":{"start":{"line":895,"column":8},"end":{"line":895,"column":35214}},"169":{"start":{"line":899,"column":8},"end":{"line":899,"column":44}},"170":{"start":{"line":907,"column":8},"end":{"line":907,"column":75}},"171":{"start":{"line":908,"column":8},"end":{"line":908,"column":76}},"172":{"start":{"line":909,"column":8},"end":{"line":909,"column":54}},"173":{"start":{"line":910,"column":8},"end":{"line":910,"column":55}},"174":{"start":{"line":918,"column":8},"end":{"line":918,"column":47}},"175":{"start":{"line":919,"column":8},"end":{"line":919,"column":51}},"176":{"start":{"line":923,"column":8},"end":{"line":923,"column":28}},"177":{"start":{"line":924,"column":8},"end":{"line":924,"column":36451}},"178":{"start":{"line":925,"column":12},"end":{"line":925,"column":37}},"179":{"start":{"line":927,"column":8},"end":{"line":927,"column":16}},"180":{"start":{"line":931,"column":8},"end":{"line":931,"column":28}},"181":{"start":{"line":932,"column":8},"end":{"line":932,"column":17}},"182":{"start":{"line":933,"column":8},"end":{"line":933,"column":36693}},"183":{"start":{"line":934,"column":12},"end":{"line":934,"column":37}},"184":{"start":{"line":935,"column":12},"end":{"line":935,"column":23}},"185":{"start":{"line":937,"column":8},"end":{"line":937,"column":16}},"186":{"start":{"line":941,"column":8},"end":{"line":941,"column":27}},"187":{"start":{"line":942,"column":8},"end":{"line":942,"column":36934}},"188":{"start":{"line":943,"column":12},"end":{"line":943,"column":37007}},"189":{"start":{"line":944,"column":16},"end":{"line":944,"column":28}},"190":{"start":{"line":949,"column":8},"end":{"line":949,"column":37134}},"191":{"start":{"line":950,"column":12},"end":{"line":950,"column":47}},"192":{"start":{"line":955,"column":8},"end":{"line":955,"column":37298}},"193":{"start":{"line":956,"column":12},"end":{"line":956,"column":37371}},"194":{"start":{"line":957,"column":16},"end":{"line":957,"column":37435}},"195":{"start":{"line":958,"column":20},"end":{"line":958,"column":37501}},"196":{"start":{"line":962,"column":16},"end":{"line":962,"column":40}}},"branchMap":{"1":{"line":164,"type":"if","locations":[{"start":{"line":164,"column":8},"end":{"line":164,"column":8}},{"start":{"line":164,"column":8},"end":{"line":164,"column":8}}]},"2":{"line":174,"type":"if","locations":[{"start":{"line":174,"column":8},"end":{"line":174,"column":8}},{"start":{"line":174,"column":8},"end":{"line":174,"column":8}}]},"3":{"line":249,"type":"if","locations":[{"start":{"line":249,"column":8},"end":{"line":249,"column":8}},{"start":{"line":249,"column":8},"end":{"line":249,"column":8}}]},"4":{"line":253,"type":"if","locations":[{"start":{"line":253,"column":8},"end":{"line":253,"column":8}},{"start":{"line":253,"column":8},"end":{"line":253,"column":8}}]},"5":{"line":296,"type":"if","locations":[{"start":{"line":296,"column":8},"end":{"line":296,"column":8}},{"start":{"line":296,"column":8},"end":{"line":296,"column":8}}]},"6":{"line":305,"type":"if","locations":[{"start":{"line":305,"column":8},"end":{"line":305,"column":8}},{"start":{"line":305,"column":8},"end":{"line":305,"column":8}}]},"7":{"line":343,"type":"if","locations":[{"start":{"line":343,"column":8},"end":{"line":343,"column":8}},{"start":{"line":343,"column":8},"end":{"line":343,"column":8}}]},"8":{"line":353,"type":"if","locations":[{"start":{"line":353,"column":8},"end":{"line":353,"column":8}},{"start":{"line":353,"column":8},"end":{"line":353,"column":8}}]},"9":{"line":382,"type":"if","locations":[{"start":{"line":382,"column":8},"end":{"line":382,"column":8}},{"start":{"line":382,"column":8},"end":{"line":382,"column":8}}]},"10":{"line":408,"type":"if","locations":[{"start":{"line":408,"column":8},"end":{"line":408,"column":8}},{"start":{"line":408,"column":8},"end":{"line":408,"column":8}}]},"11":{"line":418,"type":"if","locations":[{"start":{"line":418,"column":8},"end":{"line":418,"column":8}},{"start":{"line":418,"column":8},"end":{"line":418,"column":8}}]},"12":{"line":450,"type":"if","locations":[{"start":{"line":450,"column":8},"end":{"line":450,"column":8}},{"start":{"line":450,"column":8},"end":{"line":450,"column":8}}]},"13":{"line":648,"type":"if","locations":[{"start":{"line":648,"column":8},"end":{"line":648,"column":8}},{"start":{"line":648,"column":8},"end":{"line":648,"column":8}}]},"14":{"line":666,"type":"if","locations":[{"start":{"line":666,"column":8},"end":{"line":666,"column":8}},{"start":{"line":666,"column":8},"end":{"line":666,"column":8}}]},"15":{"line":684,"type":"if","locations":[{"start":{"line":684,"column":8},"end":{"line":684,"column":8}},{"start":{"line":684,"column":8},"end":{"line":684,"column":8}}]},"16":{"line":709,"type":"if","locations":[{"start":{"line":709,"column":8},"end":{"line":709,"column":8}},{"start":{"line":709,"column":8},"end":{"line":709,"column":8}}]},"17":{"line":727,"type":"if","locations":[{"start":{"line":727,"column":8},"end":{"line":727,"column":8}},{"start":{"line":727,"column":8},"end":{"line":727,"column":8}}]},"18":{"line":747,"type":"if","locations":[{"start":{"line":747,"column":8},"end":{"line":747,"column":8}},{"start":{"line":747,"column":8},"end":{"line":747,"column":8}}]},"19":{"line":761,"type":"if","locations":[{"start":{"line":761,"column":8},"end":{"line":761,"column":8}},{"start":{"line":761,"column":8},"end":{"line":761,"column":8}}]},"20":{"line":764,"type":"if","locations":[{"start":{"line":764,"column":8},"end":{"line":764,"column":8}},{"start":{"line":764,"column":8},"end":{"line":764,"column":8}}]},"21":{"line":788,"type":"if","locations":[{"start":{"line":788,"column":8},"end":{"line":788,"column":8}},{"start":{"line":788,"column":8},"end":{"line":788,"column":8}}]},"22":{"line":796,"type":"if","locations":[{"start":{"line":796,"column":8},"end":{"line":796,"column":8}},{"start":{"line":796,"column":8},"end":{"line":796,"column":8}}]},"23":{"line":806,"type":"if","locations":[{"start":{"line":806,"column":8},"end":{"line":806,"column":8}},{"start":{"line":806,"column":8},"end":{"line":806,"column":8}}]},"24":{"line":908,"type":"if","locations":[{"start":{"line":908,"column":8},"end":{"line":908,"column":8}},{"start":{"line":908,"column":8},"end":{"line":908,"column":8}}]},"25":{"line":943,"type":"if","locations":[{"start":{"line":943,"column":12},"end":{"line":943,"column":12}},{"start":{"line":943,"column":12},"end":{"line":943,"column":12}}]},"26":{"line":949,"type":"if","locations":[{"start":{"line":949,"column":8},"end":{"line":949,"column":8}},{"start":{"line":949,"column":8},"end":{"line":949,"column":8}}]},"27":{"line":956,"type":"if","locations":[{"start":{"line":956,"column":12},"end":{"line":956,"column":12}},{"start":{"line":956,"column":12},"end":{"line":956,"column":12}}]},"28":{"line":957,"type":"if","locations":[{"start":{"line":957,"column":16},"end":{"line":957,"column":16}},{"start":{"line":957,"column":16},"end":{"line":957,"column":16}}]}}}}