TN:
SF:/home/lucascullen/GitHub/HaloDAO/halo-rewards/contracts/HaloHalo.sol
FN:17,constructor
FN:33,enter
FN:53,leave
FN:63,updateHaloHaloPrice
FN:79,estimateHaloHaloAPY
FNF:5
FNH:5
FNDA:6,constructor
FNDA:3,enter
FNDA:1,leave
FNDA:4,updateHaloHaloPrice
FNDA:1,estimateHaloHaloAPY
DA:18,6
DA:35,3
DA:37,3
DA:39,3
DA:40,2
DA:43,1
DA:44,1
DA:48,3
DA:55,1
DA:57,1
DA:59,1
DA:60,1
DA:64,4
DA:65,4
DA:66,3
DA:68,3
DA:70,3
DA:73,3
DA:81,1
DA:82,1
DA:86,1
DA:89,1
DA:92,1
DA:95,1
DA:97,1
DA:99,1
LF:26
LH:26
BRDA:39,1,0,2
BRDA:39,1,1,1
BRDA:65,2,0,3
BRDA:65,2,1,1
BRF:4
BRH:4
end_of_record
TN:
SF:/home/lucascullen/GitHub/HaloDAO/halo-rewards/contracts/interfaces/IMinter.sol
FNF:0
FNH:0
LF:0
LH:0
BRF:0
BRH:0
end_of_record
TN:
SF:/home/lucascullen/GitHub/HaloDAO/halo-rewards/contracts/interfaces/IRewards.sol
FNF:0
FNH:0
LF:0
LH:0
BRF:0
BRH:0
end_of_record
TN:
SF:/home/lucascullen/GitHub/HaloDAO/halo-rewards/contracts/mock/CollateralERC20.sol
FN:11,constructor
FN:14,mint
FN:18,burn
FNF:3
FNH:2
FNDA:6,constructor
FNDA:2,mint
FNDA:0,burn
DA:15,2
DA:19,0
LF:2
LH:1
BRF:0
BRH:0
end_of_record
TN:
SF:/home/lucascullen/GitHub/HaloDAO/halo-rewards/contracts/mock/HaloToken.sol
FN:11,constructor
FN:14,mint
FN:18,burn
FNF:3
FNH:2
FNDA:6,constructor
FNDA:8,mint
FNDA:0,burn
DA:15,8
DA:19,0
LF:2
LH:1
BRF:0
BRH:0
end_of_record
TN:
SF:/home/lucascullen/GitHub/HaloDAO/halo-rewards/contracts/mock/LpToken.sol
FN:11,constructor
FN:14,mint
FN:18,burn
FNF:3
FNH:2
FNDA:9,constructor
FNDA:3,mint
FNDA:0,burn
DA:15,3
DA:19,0
LF:2
LH:1
BRF:0
BRH:0
end_of_record
TN:
SF:/home/lucascullen/GitHub/HaloDAO/halo-rewards/contracts/mock/Minter.sol
FN:25,depositByCollateralAddress
FN:55,redeemByCollateralAddress
FN:85,getTotalCollateralByCollateralAddress
FN:93,getUserCollateralByCollateralAddress
FN:101,setRewardsContract
FN:105,setPhmContract
FNF:6
FNH:5
FNDA:1,depositByCollateralAddress
FNDA:1,redeemByCollateralAddress
FNDA:4,getTotalCollateralByCollateralAddress
FNDA:0,getUserCollateralByCollateralAddress
FNDA:2,setRewardsContract
FNDA:2,setPhmContract
DA:30,1
DA:32,1
DA:36,1
DA:39,1
DA:42,1
DA:47,1
DA:52,1
DA:60,1
DA:62,1
DA:66,1
DA:71,1
DA:74,1
DA:77,1
DA:82,1
DA:90,4
DA:97,0
DA:102,2
DA:106,2
LF:18
LH:17
BRF:0
BRH:0
end_of_record
TN:
SF:/home/lucascullen/GitHub/HaloDAO/halo-rewards/contracts/mock/UBE.sol
FN:11,constructor
FN:14,mint
FN:18,burn
FNF:3
FNH:2
FNDA:6,constructor
FNDA:2,mint
FNDA:0,burn
DA:15,2
DA:19,0
LF:2
LH:1
BRF:0
BRH:0
end_of_record
TN:
SF:/home/lucascullen/GitHub/HaloDAO/halo-rewards/contracts/Rewards.sol
FN:155,monthlyHalo
FN:159,thisMonthsReward
FN:163,accHalo
FN:169,unclaimed
FN:173,unclaimed
FN:179,nMonths
FN:183,diffTime
FN:200,constructor
FN:247,updateAmmRewardPool
FN:294,updateMinterRewardPool
FN:342,depositPoolTokens
FN:376,withdrawPoolTokens
FN:407,depositMinter
FN:444,withdrawMinter
FN:471,withdrawUnclaimedPoolRewards
FN:487,withdrawUnclaimedMinterLpRewards
FN:503,getTotalPoolAllocationPoints
FN:510,getTotalMinterLpAllocationPoints
FN:519,getUnclaimedPoolRewardsByUserByPool
FN:536,getDepositedPoolTokenBalanceByUser
FN:549,getUnclaimedMinterLpRewardsByUser
FN:564,getUnclaimedVestingRewards
FN:573,isValidAmmLp
FN:581,isValidMinterLp
FN:593,getAmmLpPoolInfo
FN:605,getMinterLpPoolInfo
FN:617,getTotalRewardsClaimedByUser
FN:628,getWhitelistedAMMPoolAddresses
FN:646,setAmmLpAllocationPoints
FN:665,setMinterLpAllocationPoints
FN:682,addAmmLp
FN:708,addMinterCollateralType
FN:726,removeAmmLp
FN:745,removeMinterCollateralType
FN:760,releaseVestedRewards
FN:780,setMinter
FN:787,setHaloChest
FN:795,setGenesisBlock
FN:805,onlyMinter
FN:822,addAmountUpdateRewardDebtForUserForPoolTokens
FN:839,subtractAmountUpdateRewardDebtForUserForPoolTokens
FN:856,addAmountUpdateRewardDebtAndForMinter
FN:873,subtractAmountUpdateRewardDebtAndForMinter
FN:890,withdrawUnclaimedRewards
FN:906,safeHaloTransfer
FN:917,calcReward
FN:922,exp
FN:930,sumExp
FN:940,addToAmmLpPoolsAddresses
FN:954,removeFromAmmLpPoolsAddresses
FNF:50
FNH:43
FNDA:9,monthlyHalo
FNDA:8,thisMonthsReward
FNDA:8,accHalo
FNDA:0,unclaimed
FNDA:5,unclaimed
FNDA:22,nMonths
FNDA:5,diffTime
FNDA:6,constructor
FNDA:4,updateAmmRewardPool
FNDA:4,updateMinterRewardPool
FNDA:1,depositPoolTokens
FNDA:1,withdrawPoolTokens
FNDA:1,depositMinter
FNDA:1,withdrawMinter
FNDA:0,withdrawUnclaimedPoolRewards
FNDA:0,withdrawUnclaimedMinterLpRewards
FNDA:4,getTotalPoolAllocationPoints
FNDA:4,getTotalMinterLpAllocationPoints
FNDA:2,getUnclaimedPoolRewardsByUserByPool
FNDA:0,getDepositedPoolTokenBalanceByUser
FNDA:2,getUnclaimedMinterLpRewardsByUser
FNDA:2,getUnclaimedVestingRewards
FNDA:6,isValidAmmLp
FNDA:6,isValidMinterLp
FNDA:2,getAmmLpPoolInfo
FNDA:2,getMinterLpPoolInfo
FNDA:0,getTotalRewardsClaimedByUser
FNDA:3,getWhitelistedAMMPoolAddresses
FNDA:1,setAmmLpAllocationPoints
FNDA:1,setMinterLpAllocationPoints
FNDA:8,addAmmLp
FNDA:6,addMinterCollateralType
FNDA:3,removeAmmLp
FNDA:2,removeMinterCollateralType
FNDA:3,releaseVestedRewards
FNDA:0,setMinter
FNDA:2,setHaloChest
FNDA:0,setGenesisBlock
FNDA:2,onlyMinter
FNDA:1,addAmountUpdateRewardDebtForUserForPoolTokens
FNDA:1,subtractAmountUpdateRewardDebtForUserForPoolTokens
FNDA:1,addAmountUpdateRewardDebtAndForMinter
FNDA:1,subtractAmountUpdateRewardDebtAndForMinter
FNDA:2,withdrawUnclaimedRewards
FNDA:5,safeHaloTransfer
FNDA:4,calcReward
FNDA:8,exp
FNDA:9,sumExp
FNDA:8,addToAmmLpPoolsAddresses
FNDA:2,removeFromAmmLpPoolsAddresses
DA:156,9
DA:160,8
DA:164,8
DA:165,8
DA:166,8
DA:170,0
DA:174,5
DA:175,5
DA:176,5
DA:180,22
DA:184,5
DA:212,6
DA:213,6
DA:214,6
DA:215,6
DA:216,6
DA:217,6
DA:218,6
DA:219,6
DA:220,6
DA:221,6
DA:222,6
DA:227,6
DA:228,6
DA:248,4
DA:249,4
DA:250,0
DA:252,4
DA:253,4
DA:254,2
DA:255,2
DA:258,2
DA:259,2
DA:266,2
DA:270,2
DA:272,2
DA:295,4
DA:296,4
DA:297,0
DA:300,4
DA:305,4
DA:306,3
DA:307,3
DA:310,1
DA:311,1
DA:318,1
DA:323,1
DA:325,1
DA:343,1
DA:348,1
DA:349,1
DA:351,1
DA:353,1
DA:354,0
DA:357,1
DA:363,1
DA:369,1
DA:379,1
DA:380,1
DA:382,1
DA:384,1
DA:385,1
DA:387,1
DA:393,1
DA:395,1
DA:408,1
DA:413,1
DA:414,1
DA:416,1
DA:418,1
DA:419,0
DA:422,1
DA:428,1
DA:447,1
DA:448,1
DA:450,1
DA:452,1
DA:453,1
DA:455,1
DA:461,1
DA:472,0
DA:473,0
DA:475,0
DA:476,0
DA:477,0
DA:488,0
DA:489,0
DA:491,0
DA:492,0
DA:493,0
DA:504,4
DA:511,4
DA:523,2
DA:524,2
DA:525,2
DA:540,0
DA:541,0
DA:553,2
DA:554,2
DA:555,2
DA:565,2
DA:566,2
DA:574,6
DA:586,6
DA:598,2
DA:610,2
DA:622,0
DA:633,3
DA:648,1
DA:652,1
DA:655,1
DA:666,1
DA:670,1
DA:673,1
DA:684,8
DA:688,8
DA:689,8
DA:692,8
DA:693,8
DA:694,8
DA:695,8
DA:698,8
DA:709,6
DA:713,6
DA:714,6
DA:717,6
DA:718,6
DA:719,6
DA:720,6
DA:727,3
DA:731,2
DA:734,2
DA:737,2
DA:747,2
DA:751,1
DA:752,1
DA:755,1
DA:761,3
DA:762,3
DA:764,3
DA:769,3
DA:770,3
DA:772,3
DA:773,3
DA:774,3
DA:781,0
DA:788,2
DA:789,2
DA:796,0
DA:797,0
DA:806,2
DA:810,2
DA:827,1
DA:828,1
DA:830,1
DA:831,1
DA:844,1
DA:845,1
DA:847,1
DA:848,1
DA:861,1
DA:862,1
DA:864,1
DA:865,1
DA:878,1
DA:879,1
DA:881,1
DA:882,1
DA:895,2
DA:899,2
DA:907,5
DA:908,5
DA:909,5
DA:910,5
DA:918,4
DA:919,4
DA:923,8
DA:924,8
DA:925,59968
DA:927,8
DA:931,9
DA:932,9
DA:933,9
DA:934,67455
DA:935,67455
DA:937,9
DA:941,8
DA:942,8
DA:943,1
DA:944,0
DA:945,0
DA:949,8
DA:950,8
DA:955,2
DA:956,2
DA:957,2
DA:958,1
DA:962,2
DA:963,2
LF:199
LH:176
BRDA:164,1,0,8
BRDA:164,1,1,0
BRDA:174,2,0,5
BRDA:174,2,1,0
BRDA:249,3,0,0
BRDA:249,3,1,4
BRDA:253,4,0,2
BRDA:253,4,1,2
BRDA:296,5,0,0
BRDA:296,5,1,4
BRDA:305,6,0,3
BRDA:305,6,1,1
BRDA:343,7,0,1
BRDA:343,7,1,0
BRDA:353,8,0,0
BRDA:353,8,1,1
BRDA:382,9,0,1
BRDA:382,9,1,0
BRDA:408,10,0,1
BRDA:408,10,1,0
BRDA:418,11,0,0
BRDA:418,11,1,1
BRDA:450,12,0,1
BRDA:450,12,1,0
BRDA:648,13,0,1
BRDA:648,13,1,0
BRDA:666,14,0,1
BRDA:666,14,1,0
BRDA:684,15,0,8
BRDA:684,15,1,0
BRDA:709,16,0,6
BRDA:709,16,1,0
BRDA:727,17,0,2
BRDA:727,17,1,1
BRDA:747,18,0,1
BRDA:747,18,1,1
BRDA:761,19,0,3
BRDA:761,19,1,0
BRDA:764,20,0,3
BRDA:764,20,1,0
BRDA:788,21,0,2
BRDA:788,21,1,0
BRDA:796,22,0,0
BRDA:796,22,1,0
BRDA:806,23,0,2
BRDA:806,23,1,0
BRDA:908,24,0,5
BRDA:908,24,1,0
BRDA:943,25,0,0
BRDA:943,25,1,1
BRDA:949,26,0,8
BRDA:949,26,1,0
BRDA:956,27,0,2
BRDA:956,27,1,0
BRDA:957,28,0,1
BRDA:957,28,1,1
BRF:56
BRH:32
end_of_record
